./assets/world/sprites/ennemies/chiken/chiken_front.png
./assets/world/sprites/ennemies/chiken/chiken_left.png
./assets/world/sprites/ennemies/chiken/chiken_back.png
./assets/world/sprites/ennemies/chiken/chiken_right.png
./assets/world/sprites/ennemies/boss/boss_face.png
./assets/world/sprites/ennemies/boss/boss_back.png
./assets/world/sprites/ennemies/female/female_front.png
./assets/world/sprites/ennemies/female/female_back.png
./assets/world/sprites/ennemies/female/female_left.png
./assets/world/sprites/ennemies/female/female_right.png
./assets/world/sprites/ennemies/male/male_01.png
./assets/world/sprites/ennemies/male/male_02.png
./assets/world/sprites/ennemies/slut/slut_back.png
./assets/world/sprites/ennemies/slut/slut_left.png
./assets/world/sprites/ennemies/slut/slut_front.png
./assets/world/sprites/ennemies/slut/slut_right.png
./assets/world/sprites/ennemies/cooker/cooker_left.png
./assets/world/sprites/ennemies/cooker/cooker.png
./assets/world/sprites/slime.png
./assets/world/sprites/hero/bob/bob_dance.png
./assets/world/sprites/hero/bob/bob_damaged.png
./assets/world/sprites/hero/bob/bob_night.png
./assets/world/sprites/hero/bob/bob_idle.png
./assets/world/sprites/hero/bob/bob_powerup.png
./assets/world/sprites/hero/alice/alice_damaged.png
./assets/world/sprites/hero/alice/alice_powerup.png
./assets/world/sprites/hero/alice/alice.png
./assets/world/sprites/hero/alice/alice_dance.png
./assets/world/sprites/hero/alice/alice_night.png
./assets/world/backgrouds/groupd_02.jpg
./assets/world/backgrouds/bg_river_02.jpg
./assets/world/backgrouds/ground_06.jpg
./assets/world/backgrouds/sunshine_01.jpg
./assets/world/backgrouds/ground_04.jpg
./assets/world/backgrouds/ground.jpg
./assets/world/backgrouds/groud_03.jpg
./assets/world/backgrouds/items_powerups.jpg
./assets/world/backgrouds/groud_01.jpg
./assets/world/backgrouds/garden_03.jpg
./assets/world/backgrouds/hero_lifebar.jpg
./assets/world/backgrouds/ground_05.jpg
./assets/world/backgrouds/nature_04.jpg
./assets/world/items/obj_light.png
./assets/world/items/tree_pack_01.png
./assets/world/items/list_buttons.jpg
./assets/world/items/obj_tree.png
./assets/world/items/item_banana_01.png
./assets/world/items/diamond_01.png
./assets/world/items/obj_center.png
./assets/world/items/item_banana_03.png
./assets/world/items/item_fraise.png
./assets/world/items/item_banana_02.png
./assets/world/items/item_cupcake.png
./assets/world/items/diamond_03.png
./assets/world/items/diamond_02.png
./assets/world/items/tree_pack_02.png
./assets/world/items/item_hearh.png
./exercices/images/boss_face.png
./exercices/images/cursor.png
./exercices/images/item_banana.png
./exercices/images/btn_start.png
./exercices/images/bg/bg_intro.jpg
./exercices/images/bg/bg_bonus.jpg
./exercices/images/bg/bg_night.jpg
./exercices/images/bg/bg_menu.jpg
./exercices/images/bg/bg_day.jpg
./exercices/images/bg/test.png
./exercices/images/other/groupd_02.jpg
./exercices/images/other/ground_06.jpg
./exercices/images/other/ground_04.jpg
./exercices/images/other/ground.jpg
./exercices/images/other/groud_03.jpg
./exercices/images/other/groud_01.jpg
./exercices/images/other/ground_05.jpg
exercices/images/bg/bg_intro.jpg
exercices/images/bg/bg_bonus.jpg
exercices/images/bg/bg_night.jpg
exercices/images/bg/bg_menu.jpg
exercices/images/bg/bg_day.jpg
exercices/images/bg/test.png
exercices/images/boss_face.png
exercices/images/btn_start.png
exercices/images/cursor.png
exercices/images/item_banana.png
exercices/images/other/groupd_02.jpg
exercices/images/other/ground_06.jpg
exercices/images/other/ground_04.jpg
exercices/images/other/ground.jpg
exercices/images/other/groud_03.jpg
exercices/images/other/groud_01.jpg
exercices/images/other/ground_05.jpg
./assets/world/sprites/ennemies/chiken/chiken_front.png
./assets/world/sprites/ennemies/chiken/chiken_left.png
./assets/world/sprites/ennemies/chiken/chiken_back.png
./assets/world/sprites/ennemies/chiken/chiken_right.png
./assets/world/sprites/ennemies/boss/boss_face.png
./assets/world/sprites/ennemies/boss/boss_back.png
./assets/world/sprites/ennemies/female/female_front.png
./assets/world/sprites/ennemies/female/female_back.png
./assets/world/sprites/ennemies/female/female_left.png
./assets/world/sprites/ennemies/female/female_right.png
./assets/world/sprites/ennemies/male/male_01.png
./assets/world/sprites/ennemies/male/male_02.png
./assets/world/sprites/ennemies/slut/slut_back.png
./assets/world/sprites/ennemies/slut/slut_left.png
./assets/world/sprites/ennemies/slut/slut_front.png
./assets/world/sprites/ennemies/slut/slut_right.png
./assets/world/sprites/ennemies/cooker/cooker_left.png
./assets/world/sprites/ennemies/cooker/cooker.png
./assets/world/sprites/slime.png
./assets/world/sprites/hero/bob/bob_dance.png
./assets/world/sprites/hero/bob/bob_damaged.png
./assets/world/sprites/hero/bob/bob_night.png
./assets/world/sprites/hero/bob/bob_idle.png
./assets/world/sprites/hero/bob/bob_powerup.png
./assets/world/sprites/hero/alice/alice_damaged.png
./assets/world/sprites/hero/alice/alice_powerup.png
./assets/world/sprites/hero/alice/alice.png
./assets/world/sprites/hero/alice/alice_dance.png
./assets/world/sprites/hero/alice/alice_night.png
./assets/world/backgrouds/groupd_02.jpg
./assets/world/backgrouds/bg_river_02.jpg
./assets/world/backgrouds/ground_06.jpg
./assets/world/backgrouds/sunshine_01.jpg
./assets/world/backgrouds/ground_04.jpg
./assets/world/backgrouds/ground.jpg
./assets/world/backgrouds/groud_03.jpg
./assets/world/backgrouds/items_powerups.jpg
./assets/world/backgrouds/groud_01.jpg
./assets/world/backgrouds/garden_03.jpg
./assets/world/backgrouds/hero_lifebar.jpg
./assets/world/backgrouds/ground_05.jpg
./assets/world/backgrouds/nature_04.jpg
./assets/world/items/obj_light.png
./assets/world/items/tree_pack_01.png
./assets/world/items/list_buttons.jpg
./assets/world/items/obj_tree.png
./assets/world/items/item_banana_01.png
./assets/world/items/diamond_01.png
./assets/world/items/obj_center.png
./assets/world/items/item_banana_03.png
./assets/world/items/item_fraise.png
./assets/world/items/item_banana_02.png
./assets/world/items/item_cupcake.png
./assets/world/items/diamond_03.png
./assets/world/items/diamond_02.png
./assets/world/items/tree_pack_02.png
./assets/world/items/item_hearh.png
./exercices/images/boss_face.png
./exercices/images/cursor.png
./exercices/images/item_banana.png
./exercices/images/btn_start.png
./exercices/images/bg/bg_intro.jpg
./exercices/images/bg/bg_bonus.jpg
./exercices/images/bg/bg_night.jpg
./exercices/images/bg/bg_menu.jpg
./exercices/images/bg/bg_day.jpg
./exercices/images/bg/test.png
./exercices/images/other/groupd_02.jpg
./exercices/images/other/ground_06.jpg
./exercices/images/other/ground_04.jpg
./exercices/images/other/ground.jpg
./exercices/images/other/groud_03.jpg
./exercices/images/other/groud_01.jpg
./exercices/images/other/ground_05.jpg
exercices/images/boss_face.png
exercices/images/cursor.png
exercices/images/item_banana.png
exercices/images/btn_start.png
exercices/images/bg/bg_intro.jpg
exercices/images/bg/bg_bonus.jpg
exercices/images/bg/bg_night.jpg
exercices/images/bg/bg_menu.jpg
exercices/images/bg/bg_day.jpg
exercices/images/bg/test.png
exercices/images/other/groupd_02.jpg
exercices/images/other/ground_06.jpg
exercices/images/other/ground_04.jpg
exercices/images/other/ground.jpg
exercices/images/other/groud_03.jpg
exercices/images/other/groud_01.jpg
exercices/images/other/ground_05.jpg
./assets/world/sprites/ennemies/chiken/chiken_front.png
./assets/world/sprites/ennemies/chiken/chiken_left.png
./assets/world/sprites/ennemies/chiken/chiken_back.png
./assets/world/sprites/ennemies/chiken/chiken_right.png
./assets/world/sprites/ennemies/boss/boss_face.png
./assets/world/sprites/ennemies/boss/boss_back.png
./assets/world/sprites/ennemies/female/female_front.png
./assets/world/sprites/ennemies/female/female_back.png
./assets/world/sprites/ennemies/female/female_left.png
./assets/world/sprites/ennemies/female/female_right.png
./assets/world/sprites/ennemies/male/male_01.png
./assets/world/sprites/ennemies/male/male_02.png
./assets/world/sprites/ennemies/slut/slut_back.png
./assets/world/sprites/ennemies/slut/slut_left.png
./assets/world/sprites/ennemies/slut/slut_front.png
./assets/world/sprites/ennemies/slut/slut_right.png
./assets/world/sprites/ennemies/cooker/cooker_left.png
./assets/world/sprites/ennemies/cooker/cooker.png
./assets/world/sprites/slime.png
./assets/world/sprites/hero/bob/bob_dance.png
./assets/world/sprites/hero/bob/bob_damaged.png
./assets/world/sprites/hero/bob/bob_night.png
./assets/world/sprites/hero/bob/bob_idle.png
./assets/world/sprites/hero/bob/bob_powerup.png
./assets/world/sprites/hero/alice/alice_damaged.png
./assets/world/sprites/hero/alice/alice_powerup.png
./assets/world/sprites/hero/alice/alice.png
./assets/world/sprites/hero/alice/alice_dance.png
./assets/world/sprites/hero/alice/alice_night.png
./assets/world/backgrouds/groupd_02.jpg
./assets/world/backgrouds/bg_river_02.jpg
./assets/world/backgrouds/ground_06.jpg
./assets/world/backgrouds/sunshine_01.jpg
./assets/world/backgrouds/ground_04.jpg
./assets/world/backgrouds/ground.jpg
./assets/world/backgrouds/groud_03.jpg
./assets/world/backgrouds/items_powerups.jpg
./assets/world/backgrouds/groud_01.jpg
./assets/world/backgrouds/garden_03.jpg
./assets/world/backgrouds/hero_lifebar.jpg
./assets/world/backgrouds/ground_05.jpg
./assets/world/backgrouds/nature_04.jpg
./assets/world/items/obj_light.png
./assets/world/items/tree_pack_01.png
./assets/world/items/list_buttons.jpg
./assets/world/items/obj_tree.png
./assets/world/items/item_banana_01.png
./assets/world/items/diamond_01.png
./assets/world/items/obj_center.png
./assets/world/items/item_banana_03.png
./assets/world/items/item_fraise.png
./assets/world/items/item_banana_02.png
./assets/world/items/item_cupcake.png
./assets/world/items/diamond_03.png
./assets/world/items/diamond_02.png
./assets/world/items/tree_pack_02.png
./assets/world/items/item_hearh.png
./exercices/images/boss_face.png
./exercices/images/cursor.png
./exercices/images/item_banana.png
./exercices/images/btn_start.png
./exercices/images/bg/bg_intro.jpg
./exercices/images/bg/bg_bonus.jpg
./exercices/images/bg/bg_night.jpg
./exercices/images/bg/bg_menu.jpg
./exercices/images/bg/bg_day.jpg
./exercices/images/bg/test.png
./exercices/images/other/groupd_02.jpg
./exercices/images/other/ground_06.jpg
./exercices/images/other/ground_04.jpg
./exercices/images/other/ground.jpg
./exercices/images/other/groud_03.jpg
./exercices/images/other/groud_01.jpg
./exercices/images/other/ground_05.jpg
exercices/images/boss_face.png
exercices/images/cursor.png
exercices/images/item_banana.png
exercices/images/btn_start.png
exercices/images/bg/bg_intro.jpg
exercices/images/bg/bg_bonus.jpg
exercices/images/bg/bg_night.jpg
exercices/images/bg/bg_menu.jpg
exercices/images/bg/bg_day.jpg
exercices/images/bg/test.png
exercices/images/other/groupd_02.jpg
exercices/images/other/ground_06.jpg
exercices/images/other/ground_04.jpg
exercices/images/other/ground.jpg
exercices/images/other/groud_03.jpg
exercices/images/other/groud_01.jpg
exercices/images/other/ground_05.jpg
